<?xml version="1.0" encoding="UTF-8"?>
<testsuites name="jest tests" tests="2" failures="0" errors="0" time="2.288">
  <testsuite name="TicTacToe" errors="0" failures="0" skipped="0" timestamp="2023-06-22T21:22:31" time="1.27" tests="1">
    <testcase classname="TicTacToe renders wrapper" name="TicTacToe renders wrapper" time="0.054">
    </testcase>
  </testsuite>
  <testsuite name="Home" errors="0" failures="0" skipped="0" timestamp="2023-06-22T21:22:31" time="1.29" tests="1">
    <testcase classname="Home renders main" name="Home renders main" time="0.069">
    </testcase>
  </testsuite>
</testsuites>