{"/Users/shainlafazan/repositories/tic-tac-toe-web/app/page.tsx": {"path":"/Users/shainlafazan/repositories/tic-tac-toe-web/app/page.tsx","statementMap":{"0":{"start":{"line":5,"column":24},"end":{"line":5,"column":null}},"1":{"start":{"line":1,"column":19},"end":{"line":1,"column":null}},"2":{"start":{"line":3,"column":22},"end":{"line":3,"column":null}}},"fnMap":{"0":{"name":"Home","decl":{"start":{"line":5,"column":24},"end":{"line":5,"column":null}},"loc":{"start":{"line":5,"column":24},"end":{"line":11,"column":null}}}},"branchMap":{},"s":{"0":1,"1":1,"2":1},"f":{"0":1},"b":{}}
,"/Users/shainlafazan/repositories/tic-tac-toe-web/components/TicTacToe.tsx": {"path":"/Users/shainlafazan/repositories/tic-tac-toe-web/components/TicTacToe.tsx","statementMap":{"0":{"start":{"line":3,"column":13},"end":{"line":3,"column":22}},"1":{"start":{"line":17,"column":0},"end":{"line":17,"column":15}},"2":{"start":{"line":1,"column":19},"end":{"line":1,"column":null}},"3":{"start":{"line":3,"column":25},"end":{"line":15,"column":null}},"4":{"start":{"line":4,"column":15},"end":{"line":4,"column":null}},"5":{"start":{"line":5,"column":2},"end":{"line":5,"column":null}},"6":{"start":{"line":5,"column":13},"end":{"line":5,"column":null}},"7":{"start":{"line":9,"column":8},"end":{"line":9,"column":null}},"8":{"start":{"line":17,"column":15},"end":{"line":17,"column":25}}},"fnMap":{"0":{"name":"(anonymous_4)","decl":{"start":{"line":3,"column":25},"end":{"line":3,"column":null}},"loc":{"start":{"line":3,"column":25},"end":{"line":15,"column":null}}},"1":{"name":"(anonymous_5)","decl":{"start":{"line":8,"column":26},"end":{"line":8,"column":27}},"loc":{"start":{"line":9,"column":8},"end":{"line":9,"column":null}}}},"branchMap":{"0":{"loc":{"start":{"line":5,"column":2},"end":{"line":5,"column":null}},"type":"if","locations":[{"start":{"line":5,"column":2},"end":{"line":5,"column":null}}]}},"s":{"0":0,"1":2,"2":2,"3":2,"4":2,"5":2,"6":0,"7":18,"8":2},"f":{"0":2,"1":18},"b":{"0":[0]}}
}
